2019-05-19 14:01:54 org.springframework.web.context.ContextLoader - Root WebApplicationContext: initialization started
2019-05-19 14:01:57 org.springframework.scheduling.annotation.ScheduledAnnotationBeanPostProcessor - No TaskScheduler/ScheduledExecutorService bean found for scheduled processing
2019-05-19 14:01:57 org.springframework.web.context.ContextLoader - Root WebApplicationContext initialized in 3242 ms
2019-05-19 14:01:57 com.ky.gps.listener.GPSThreadLietener - ----------- GPS解析系统启动 -----------
2019-05-19 14:01:57 com.ky.gps.listener.GPSThreadLietener - ----------- GPS信号监听开始 -----------
2019-05-19 14:01:57 com.ky.gps.server.StartThread - -------------监听端口GPSport: 20086-------------
2019-05-19 14:01:57 org.springframework.web.servlet.DispatcherServlet - Initializing Servlet 'springDispatcherServlet'
2019-05-19 14:01:58 io.netty.bootstrap.ServerBootstrap - Unknown channel option 'TCP_NODELAY' for channel '[id: 0xe7a811d2]'
2019-05-19 14:01:58 com.ky.gps.server.StartThread - 监听服务开启：Thread[MyThread,5,RMI Runtime] Sun May 19 14:01:58 CST 2019
2019-05-19 14:01:59 org.springframework.web.servlet.DispatcherServlet - Completed initialization in 1586 ms
2019-05-19 14:02:34 com.alibaba.druid.pool.DruidDataSource - {dataSource-1} inited
2019-05-19 14:02:34 com.alibaba.druid.pool.PreparedStatementPool - {conn-10005, pstmt-20000} enter cache
2019-05-19 14:04:40 org.springframework.web.context.ContextLoader - Root WebApplicationContext: initialization started
2019-05-19 14:04:43 org.springframework.scheduling.annotation.ScheduledAnnotationBeanPostProcessor - No TaskScheduler/ScheduledExecutorService bean found for scheduled processing
2019-05-19 14:04:43 org.springframework.web.context.ContextLoader - Root WebApplicationContext initialized in 2982 ms
2019-05-19 14:04:43 com.ky.gps.listener.GPSThreadLietener - ----------- GPS解析系统启动 -----------
2019-05-19 14:04:43 com.ky.gps.listener.GPSThreadLietener - ----------- GPS信号监听开始 -----------
2019-05-19 14:04:43 com.ky.gps.server.StartThread - -------------监听端口GPSport: 20086-------------
2019-05-19 14:04:43 org.springframework.web.servlet.DispatcherServlet - Initializing Servlet 'springDispatcherServlet'
2019-05-19 14:04:44 io.netty.bootstrap.ServerBootstrap - Unknown channel option 'TCP_NODELAY' for channel '[id: 0x038b88a5]'
2019-05-19 14:04:44 com.ky.gps.server.StartThread - 监听服务开启：Thread[MyThread,5,RMI Runtime] Sun May 19 14:04:44 CST 2019
2019-05-19 14:04:44 org.springframework.web.servlet.DispatcherServlet - Completed initialization in 1554 ms
2019-05-19 14:04:52 com.alibaba.druid.pool.DruidDataSource - {dataSource-1} inited
2019-05-19 14:04:52 com.alibaba.druid.pool.PreparedStatementPool - {conn-10005, pstmt-20000} enter cache
2019-05-19 14:05:18 com.alibaba.druid.pool.PreparedStatementPool - {conn-10005, pstmt-20001} enter cache
2019-05-19 14:06:08 org.springframework.web.context.ContextLoader - Root WebApplicationContext: initialization started
2019-05-19 14:06:11 org.springframework.scheduling.annotation.ScheduledAnnotationBeanPostProcessor - No TaskScheduler/ScheduledExecutorService bean found for scheduled processing
2019-05-19 14:06:11 org.springframework.web.context.ContextLoader - Root WebApplicationContext initialized in 3151 ms
2019-05-19 14:06:11 com.ky.gps.listener.GPSThreadLietener - ----------- GPS解析系统启动 -----------
2019-05-19 14:06:11 com.ky.gps.listener.GPSThreadLietener - ----------- GPS信号监听开始 -----------
2019-05-19 14:06:11 com.ky.gps.server.StartThread - -------------监听端口GPSport: 20086-------------
2019-05-19 14:06:11 org.springframework.web.servlet.DispatcherServlet - Initializing Servlet 'springDispatcherServlet'
2019-05-19 14:06:12 io.netty.bootstrap.ServerBootstrap - Unknown channel option 'TCP_NODELAY' for channel '[id: 0xf1390c7d]'
2019-05-19 14:06:12 com.ky.gps.server.StartThread - 监听服务开启：Thread[MyThread,5,RMI Runtime] Sun May 19 14:06:12 CST 2019
2019-05-19 14:06:13 org.springframework.web.servlet.DispatcherServlet - Completed initialization in 1720 ms
2019-05-19 14:06:17 com.alibaba.druid.pool.DruidDataSource - {dataSource-1} inited
2019-05-19 14:06:18 com.alibaba.druid.pool.PreparedStatementPool - {conn-10005, pstmt-20000} enter cache
2019-05-19 16:02:39 org.springframework.web.context.ContextLoader - Root WebApplicationContext: initialization started
2019-05-19 16:02:42 org.springframework.scheduling.annotation.ScheduledAnnotationBeanPostProcessor - No TaskScheduler/ScheduledExecutorService bean found for scheduled processing
2019-05-19 16:02:42 org.springframework.web.context.ContextLoader - Root WebApplicationContext initialized in 3177 ms
2019-05-19 16:02:42 com.ky.gps.listener.GPSThreadLietener - ----------- GPS解析系统启动 -----------
2019-05-19 16:02:42 com.ky.gps.listener.GPSThreadLietener - ----------- GPS信号监听开始 -----------
2019-05-19 16:02:42 com.ky.gps.server.StartThread - -------------监听端口GPSport: 20086-------------
2019-05-19 16:02:42 org.springframework.web.servlet.DispatcherServlet - Initializing Servlet 'springDispatcherServlet'
2019-05-19 16:02:43 io.netty.bootstrap.ServerBootstrap - Unknown channel option 'TCP_NODELAY' for channel '[id: 0x2c9ad2a7]'
2019-05-19 16:02:43 com.ky.gps.server.StartThread - 监听服务开启：Thread[MyThread,5,RMI Runtime] Sun May 19 16:02:43 CST 2019
2019-05-19 16:02:44 org.springframework.web.servlet.DispatcherServlet - Completed initialization in 1870 ms
2019-05-19 17:19:22 org.springframework.web.context.ContextLoader - Root WebApplicationContext: initialization started
2019-05-19 17:19:25 org.springframework.scheduling.annotation.ScheduledAnnotationBeanPostProcessor - No TaskScheduler/ScheduledExecutorService bean found for scheduled processing
2019-05-19 17:19:25 org.springframework.web.context.ContextLoader - Root WebApplicationContext initialized in 3200 ms
2019-05-19 17:19:25 com.ky.gps.listener.GPSThreadLietener - ----------- GPS解析系统启动 -----------
2019-05-19 17:19:25 com.ky.gps.listener.GPSThreadLietener - ----------- GPS信号监听开始 -----------
2019-05-19 17:19:25 com.ky.gps.server.StartThread - -------------监听端口GPSport: 20086-------------
2019-05-19 17:19:25 org.springframework.web.servlet.DispatcherServlet - Initializing Servlet 'springDispatcherServlet'
2019-05-19 17:19:26 io.netty.bootstrap.ServerBootstrap - Unknown channel option 'TCP_NODELAY' for channel '[id: 0xcd838c1d]'
2019-05-19 17:19:26 com.ky.gps.server.StartThread - 监听服务开启：Thread[MyThread,5,RMI Runtime] Sun May 19 17:19:26 CST 2019
2019-05-19 17:19:27 org.springframework.web.servlet.DispatcherServlet - Completed initialization in 1635 ms
2019-05-19 18:04:40 org.springframework.web.context.ContextLoader - Root WebApplicationContext: initialization started
2019-05-19 18:04:43 org.springframework.scheduling.annotation.ScheduledAnnotationBeanPostProcessor - No TaskScheduler/ScheduledExecutorService bean found for scheduled processing
2019-05-19 18:04:43 org.springframework.web.context.ContextLoader - Root WebApplicationContext initialized in 3065 ms
2019-05-19 18:04:43 com.ky.gps.listener.GPSThreadLietener - ----------- GPS解析系统启动 -----------
2019-05-19 18:04:43 com.ky.gps.listener.GPSThreadLietener - ----------- GPS信号监听开始 -----------
2019-05-19 18:04:43 com.ky.gps.server.StartThread - -------------监听端口GPSport: 20086-------------
2019-05-19 18:04:43 org.springframework.web.servlet.DispatcherServlet - Initializing Servlet 'springDispatcherServlet'
2019-05-19 18:04:44 io.netty.bootstrap.ServerBootstrap - Unknown channel option 'TCP_NODELAY' for channel '[id: 0xc94a7a3e]'
2019-05-19 18:04:44 com.ky.gps.server.StartThread - 监听服务开启：Thread[MyThread,5,RMI Runtime] Sun May 19 18:04:44 CST 2019
2019-05-19 18:04:45 org.springframework.web.servlet.DispatcherServlet - Completed initialization in 1577 ms
2019-05-19 18:26:03 org.springframework.web.context.ContextLoader - Root WebApplicationContext: initialization started
2019-05-19 18:26:06 org.springframework.scheduling.annotation.ScheduledAnnotationBeanPostProcessor - No TaskScheduler/ScheduledExecutorService bean found for scheduled processing
2019-05-19 18:26:06 org.springframework.web.context.ContextLoader - Root WebApplicationContext initialized in 3248 ms
2019-05-19 18:26:06 com.ky.gps.listener.GPSThreadLietener - ----------- GPS解析系统启动 -----------
2019-05-19 18:26:06 com.ky.gps.listener.GPSThreadLietener - ----------- GPS信号监听开始 -----------
2019-05-19 18:26:06 com.ky.gps.server.StartThread - -------------监听端口GPSport: 20086-------------
2019-05-19 18:26:06 org.springframework.web.servlet.DispatcherServlet - Initializing Servlet 'springDispatcherServlet'
2019-05-19 18:26:07 io.netty.bootstrap.ServerBootstrap - Unknown channel option 'TCP_NODELAY' for channel '[id: 0x57ecc19a]'
2019-05-19 18:26:07 com.ky.gps.server.StartThread - 监听服务开启：Thread[MyThread,5,RMI Runtime] Sun May 19 18:26:07 CST 2019
2019-05-19 18:26:08 org.springframework.web.servlet.DispatcherServlet - Completed initialization in 1761 ms
2019-05-19 18:26:27 com.alibaba.druid.pool.DruidDataSource - {dataSource-1} inited
2019-05-19 18:26:27 com.alibaba.druid.pool.PreparedStatementPool - {conn-10005, pstmt-20000} enter cache
2019-05-19 18:26:27 com.alibaba.druid.pool.PreparedStatementPool - {conn-10005, pstmt-20001} enter cache
2019-05-19 19:05:47 org.springframework.web.context.ContextLoader - Root WebApplicationContext: initialization started
2019-05-19 19:05:50 org.springframework.scheduling.annotation.ScheduledAnnotationBeanPostProcessor - No TaskScheduler/ScheduledExecutorService bean found for scheduled processing
2019-05-19 19:05:50 org.springframework.web.context.ContextLoader - Root WebApplicationContext initialized in 3108 ms
2019-05-19 19:05:50 com.ky.gps.listener.GPSThreadLietener - ----------- GPS解析系统启动 -----------
2019-05-19 19:05:50 com.ky.gps.listener.GPSThreadLietener - ----------- GPS信号监听开始 -----------
2019-05-19 19:05:50 com.ky.gps.server.StartThread - -------------监听端口GPSport: 20086-------------
2019-05-19 19:05:50 org.springframework.web.servlet.DispatcherServlet - Initializing Servlet 'springDispatcherServlet'
2019-05-19 19:05:51 io.netty.bootstrap.ServerBootstrap - Unknown channel option 'TCP_NODELAY' for channel '[id: 0x33fe2fe1]'
2019-05-19 19:05:51 com.ky.gps.server.StartThread - 监听服务开启：Thread[MyThread,5,RMI Runtime] Sun May 19 19:05:51 CST 2019
2019-05-19 19:05:52 org.springframework.web.servlet.DispatcherServlet - Completed initialization in 1617 ms
2019-05-19 19:09:06 org.springframework.web.context.ContextLoader - Root WebApplicationContext: initialization started
2019-05-19 19:09:09 org.springframework.scheduling.annotation.ScheduledAnnotationBeanPostProcessor - No TaskScheduler/ScheduledExecutorService bean found for scheduled processing
2019-05-19 19:09:09 org.springframework.web.context.ContextLoader - Root WebApplicationContext initialized in 3098 ms
2019-05-19 19:09:09 com.ky.gps.listener.GPSThreadLietener - ----------- GPS解析系统启动 -----------
2019-05-19 19:09:09 com.ky.gps.listener.GPSThreadLietener - ----------- GPS信号监听开始 -----------
2019-05-19 19:09:09 com.ky.gps.server.StartThread - -------------监听端口GPSport: 20086-------------
2019-05-19 19:09:09 org.springframework.web.servlet.DispatcherServlet - Initializing Servlet 'springDispatcherServlet'
2019-05-19 19:09:10 io.netty.bootstrap.ServerBootstrap - Unknown channel option 'TCP_NODELAY' for channel '[id: 0xb69057e2]'
2019-05-19 19:09:10 com.ky.gps.server.StartThread - 监听服务开启：Thread[MyThread,5,RMI Runtime] Sun May 19 19:09:10 CST 2019
2019-05-19 19:09:11 org.springframework.web.servlet.DispatcherServlet - Completed initialization in 1864 ms
2019-05-19 19:09:38 com.alibaba.druid.pool.DruidDataSource - {dataSource-1} inited
2019-05-19 19:09:39 com.alibaba.druid.pool.PreparedStatementPool - {conn-10005, pstmt-20000} enter cache
2019-05-19 19:09:39 com.alibaba.druid.pool.PreparedStatementPool - {conn-10005, pstmt-20001} enter cache
2019-05-19 19:09:42 com.alibaba.druid.pool.PreparedStatementPool - {conn-10005, pstmt-20002} enter cache
2019-05-19 19:10:00 com.alibaba.druid.pool.PreparedStatementPool - {conn-10005, pstmt-20003} enter cache
