2019-09-04 19:03:47 org.springframework.web.context.ContextLoader - Root WebApplicationContext: initialization started
2019-09-04 19:03:49 org.springframework.scheduling.annotation.ScheduledAnnotationBeanPostProcessor - No TaskScheduler/ScheduledExecutorService bean found for scheduled processing
2019-09-04 19:03:49 org.springframework.web.context.ContextLoader - Root WebApplicationContext initialized in 2951 ms
2019-09-04 19:03:49 com.ky.gps.listener.GPSThreadLietener - ----------- GPS解析系统启动 -----------
2019-09-04 19:03:49 com.ky.gps.listener.GPSThreadLietener - ----------- GPS信号监听开始 -----------
2019-09-04 19:03:49 com.ky.gps.server.StartThread - -------------监听端口GPSport: 20086-------------
2019-09-04 19:03:50 org.springframework.web.servlet.DispatcherServlet - Initializing Servlet 'springDispatcherServlet'
2019-09-04 19:03:51 io.netty.bootstrap.ServerBootstrap - Unknown channel option 'TCP_NODELAY' for channel '[id: 0x289853a6]'
2019-09-04 19:03:51 com.ky.gps.server.StartThread - 监听服务开启：Thread[MyThread,5,RMI Runtime] Wed Sep 04 19:03:51 CST 2019
2019-09-04 19:03:51 org.springframework.web.servlet.DispatcherServlet - Completed initialization in 1489 ms
2019-09-04 19:11:53 org.springframework.web.context.ContextLoader - Root WebApplicationContext: initialization started
2019-09-04 19:11:55 org.springframework.scheduling.annotation.ScheduledAnnotationBeanPostProcessor - No TaskScheduler/ScheduledExecutorService bean found for scheduled processing
2019-09-04 19:11:55 org.springframework.web.context.ContextLoader - Root WebApplicationContext initialized in 2316 ms
2019-09-04 19:11:55 com.ky.gps.listener.GPSThreadLietener - ----------- GPS解析系统启动 -----------
2019-09-04 19:11:55 com.ky.gps.listener.GPSThreadLietener - ----------- GPS信号监听开始 -----------
2019-09-04 19:11:55 com.ky.gps.server.StartThread - -------------监听端口GPSport: 20086-------------
2019-09-04 19:11:55 org.springframework.web.servlet.DispatcherServlet - Initializing Servlet 'springDispatcherServlet'
2019-09-04 19:11:56 io.netty.bootstrap.ServerBootstrap - Unknown channel option 'TCP_NODELAY' for channel '[id: 0xc53004a7]'
2019-09-04 19:11:56 com.ky.gps.server.StartThread - 监听服务开启：Thread[MyThread,5,RMI Runtime] Wed Sep 04 19:11:56 CST 2019
2019-09-04 19:11:56 org.springframework.web.servlet.DispatcherServlet - Completed initialization in 1156 ms
