2019-04-28 09:19:07 com.ky.gps.dao.SbRouteStationDao.findAllRouteStation - ==>  Preparing: SELECT sb_route.ID routeId, sb_route.SBR_ROUTENAME routeName, sb_station.SBS_STATION stationName, sb_station.SBS_LONGITUDE longitude, sb_station.SBS_LATITUDE latitude, sb_route_station.SBS_DEPART_TIME departTime FROM sb_route_station LEFT JOIN sb_station ON sb_station.ID = sb_route_station.STATION_ID LEFT JOIN sb_route ON sb_route.ID = sb_route_station.ROUTE_ID WHERE sb_route.Valid = 1 AND sb_station.Valid = 1 AND sb_route_station.Valid = 1 ORDER BY sb_route.SBR_ROUTENAME 
2019-04-28 09:19:08 com.ky.gps.dao.SbRouteStationDao.findAllRouteStation - ==> Parameters: 
2019-04-28 09:19:08 com.ky.gps.dao.SbRouteStationDao.findAllRouteStation - <==      Total: 164
2019-04-28 09:19:08 com.ky.gps.dao.SbBusPositionDao.findAllRoutePosition - ==>  Preparing: SELECT route_gps.routeId, route_gps.routeName, route_gps.startTime, route_gps.endTime, sb_busposition.SBP_RECODE_TIME recodeTime, sb_busposition.SBP_LONGITUDE longitude, sb_busposition.SBP_LATITUDE latitude, sb_busposition.SBP_VELOCITY velocity, sb_busposition.SBP_DIRECTION direction FROM sb_busposition, (SELECT sb_route.ID routeId, sb_route.SBR_ROUTENAME routeName, sb_gps.ID gpsId, sb_bus_route.SBBR_WEEK `week`, sb_bus_route.SBBR_START_TIME startTime, sb_bus_route.SBBR_END_TIME endTime FROM sb_bus_route LEFT JOIN sb_route ON sb_bus_route.ROUTE_ID = sb_route.ID LEFT JOIN sb_gps ON sb_bus_route.BUS_ID = sb_gps.BUS_ID WHERE sb_bus_route.Valid = 1 AND sb_route.Valid = 1 AND sb_gps.Valid = 1) route_gps WHERE route_gps.gpsId = sb_busposition.GPS_ID AND route_gps.`week` = ? AND sb_busposition.Valid = 1 ORDER BY route_gps.routeName, sb_busposition.SBP_RECODE_TIME 
2019-04-28 09:19:08 com.ky.gps.dao.SbBusPositionDao.findAllRoutePosition - ==> Parameters: 星期日(String)
2019-04-28 09:19:08 com.ky.gps.dao.SbBusPositionDao.findAllRoutePosition - <==      Total: 1877
2019-04-28 09:21:33 com.ky.gps.dao.SbRouteStationDao.findAllRouteStation - ==>  Preparing: SELECT sb_route.ID routeId, sb_route.SBR_ROUTENAME routeName, sb_station.SBS_STATION stationName, sb_station.SBS_LONGITUDE longitude, sb_station.SBS_LATITUDE latitude, sb_route_station.SBS_DEPART_TIME departTime FROM sb_route_station LEFT JOIN sb_station ON sb_station.ID = sb_route_station.STATION_ID LEFT JOIN sb_route ON sb_route.ID = sb_route_station.ROUTE_ID WHERE sb_route.Valid = 1 AND sb_station.Valid = 1 AND sb_route_station.Valid = 1 ORDER BY sb_route.SBR_ROUTENAME 
2019-04-28 09:21:33 com.ky.gps.dao.SbRouteStationDao.findAllRouteStation - ==> Parameters: 
2019-04-28 09:21:33 com.ky.gps.dao.SbRouteStationDao.findAllRouteStation - <==      Total: 164
2019-04-28 09:21:34 com.ky.gps.dao.SbBusPositionDao.findAllRoutePosition - ==>  Preparing: SELECT route_gps.routeId, route_gps.routeName, route_gps.startTime, route_gps.endTime, sb_busposition.SBP_RECODE_TIME recodeTime, sb_busposition.SBP_LONGITUDE longitude, sb_busposition.SBP_LATITUDE latitude, sb_busposition.SBP_VELOCITY velocity, sb_busposition.SBP_DIRECTION direction FROM sb_busposition, (SELECT sb_route.ID routeId, sb_route.SBR_ROUTENAME routeName, sb_gps.ID gpsId, sb_bus_route.SBBR_WEEK `week`, sb_bus_route.SBBR_START_TIME startTime, sb_bus_route.SBBR_END_TIME endTime FROM sb_bus_route LEFT JOIN sb_route ON sb_bus_route.ROUTE_ID = sb_route.ID LEFT JOIN sb_gps ON sb_bus_route.BUS_ID = sb_gps.BUS_ID WHERE sb_bus_route.Valid = 1 AND sb_route.Valid = 1 AND sb_gps.Valid = 1) route_gps WHERE route_gps.gpsId = sb_busposition.GPS_ID AND route_gps.`week` = ? AND sb_busposition.Valid = 1 ORDER BY route_gps.routeName, sb_busposition.SBP_RECODE_TIME 
2019-04-28 09:21:34 com.ky.gps.dao.SbBusPositionDao.findAllRoutePosition - ==> Parameters: 星期日(String)
2019-04-28 09:21:34 com.ky.gps.dao.SbBusPositionDao.findAllRoutePosition - <==      Total: 1877
2019-04-28 09:24:01 com.ky.gps.dao.SbRouteStationDao.findAllRouteStation - ==>  Preparing: SELECT sb_route.ID routeId, sb_route.SBR_ROUTENAME routeName, sb_station.SBS_STATION stationName, sb_station.SBS_LONGITUDE longitude, sb_station.SBS_LATITUDE latitude, sb_route_station.SBS_DEPART_TIME departTime FROM sb_route_station LEFT JOIN sb_station ON sb_station.ID = sb_route_station.STATION_ID LEFT JOIN sb_route ON sb_route.ID = sb_route_station.ROUTE_ID WHERE sb_route.Valid = 1 AND sb_station.Valid = 1 AND sb_route_station.Valid = 1 ORDER BY sb_route.SBR_ROUTENAME 
2019-04-28 09:24:02 com.ky.gps.dao.SbRouteStationDao.findAllRouteStation - ==> Parameters: 
2019-04-28 09:24:02 com.ky.gps.dao.SbRouteStationDao.findAllRouteStation - <==      Total: 164
2019-04-28 09:24:02 com.ky.gps.dao.SbBusPositionDao.findAllRoutePosition - ==>  Preparing: SELECT route_gps.routeId, route_gps.routeName, route_gps.startTime, route_gps.endTime, sb_busposition.SBP_RECODE_TIME recodeTime, sb_busposition.SBP_LONGITUDE longitude, sb_busposition.SBP_LATITUDE latitude, sb_busposition.SBP_VELOCITY velocity, sb_busposition.SBP_DIRECTION direction FROM sb_busposition, (SELECT sb_route.ID routeId, sb_route.SBR_ROUTENAME routeName, sb_gps.ID gpsId, sb_bus_route.SBBR_WEEK `week`, sb_bus_route.SBBR_START_TIME startTime, sb_bus_route.SBBR_END_TIME endTime FROM sb_bus_route LEFT JOIN sb_route ON sb_bus_route.ROUTE_ID = sb_route.ID LEFT JOIN sb_gps ON sb_bus_route.BUS_ID = sb_gps.BUS_ID WHERE sb_bus_route.Valid = 1 AND sb_route.Valid = 1 AND sb_gps.Valid = 1) route_gps WHERE route_gps.gpsId = sb_busposition.GPS_ID AND route_gps.`week` = ? AND sb_busposition.Valid = 1 ORDER BY route_gps.routeName, sb_busposition.SBP_RECODE_TIME 
2019-04-28 09:24:02 com.ky.gps.dao.SbBusPositionDao.findAllRoutePosition - ==> Parameters: 星期日(String)
2019-04-28 09:24:02 com.ky.gps.dao.SbBusPositionDao.findAllRoutePosition - <==      Total: 1877
2019-04-28 09:25:42 com.ky.gps.dao.SbRouteStationDao.findAllRouteStation - ==>  Preparing: SELECT sb_route.ID routeId, sb_route.SBR_ROUTENAME routeName, sb_station.SBS_STATION stationName, sb_station.SBS_LONGITUDE longitude, sb_station.SBS_LATITUDE latitude, sb_route_station.SBS_DEPART_TIME departTime FROM sb_route_station LEFT JOIN sb_station ON sb_station.ID = sb_route_station.STATION_ID LEFT JOIN sb_route ON sb_route.ID = sb_route_station.ROUTE_ID WHERE sb_route.Valid = 1 AND sb_station.Valid = 1 AND sb_route_station.Valid = 1 ORDER BY sb_route.SBR_ROUTENAME 
2019-04-28 09:25:42 com.ky.gps.dao.SbRouteStationDao.findAllRouteStation - ==> Parameters: 
2019-04-28 09:25:42 com.ky.gps.dao.SbRouteStationDao.findAllRouteStation - <==      Total: 164
2019-04-28 09:25:43 com.ky.gps.dao.SbBusPositionDao.findAllRoutePosition - ==>  Preparing: SELECT route_gps.routeId, route_gps.routeName, route_gps.startTime, route_gps.endTime, sb_busposition.SBP_RECODE_TIME recodeTime, sb_busposition.SBP_LONGITUDE longitude, sb_busposition.SBP_LATITUDE latitude, sb_busposition.SBP_VELOCITY velocity, sb_busposition.SBP_DIRECTION direction FROM sb_busposition, (SELECT sb_route.ID routeId, sb_route.SBR_ROUTENAME routeName, sb_gps.ID gpsId, sb_bus_route.SBBR_WEEK `week`, sb_bus_route.SBBR_START_TIME startTime, sb_bus_route.SBBR_END_TIME endTime FROM sb_bus_route LEFT JOIN sb_route ON sb_bus_route.ROUTE_ID = sb_route.ID LEFT JOIN sb_gps ON sb_bus_route.BUS_ID = sb_gps.BUS_ID WHERE sb_bus_route.Valid = 1 AND sb_route.Valid = 1 AND sb_gps.Valid = 1) route_gps WHERE route_gps.gpsId = sb_busposition.GPS_ID AND route_gps.`week` = ? AND sb_busposition.Valid = 1 ORDER BY route_gps.routeName, sb_busposition.SBP_RECODE_TIME 
2019-04-28 09:25:43 com.ky.gps.dao.SbBusPositionDao.findAllRoutePosition - ==> Parameters: 星期日(String)
2019-04-28 09:25:43 com.ky.gps.dao.SbBusPositionDao.findAllRoutePosition - <==      Total: 1877
2019-04-28 09:27:52 com.ky.gps.dao.SbRouteStationDao.findAllRouteStation - ==>  Preparing: SELECT sb_route.ID routeId, sb_route.SBR_ROUTENAME routeName, sb_station.SBS_STATION stationName, sb_station.SBS_LONGITUDE longitude, sb_station.SBS_LATITUDE latitude, sb_route_station.SBS_DEPART_TIME departTime FROM sb_route_station LEFT JOIN sb_station ON sb_station.ID = sb_route_station.STATION_ID LEFT JOIN sb_route ON sb_route.ID = sb_route_station.ROUTE_ID WHERE sb_route.Valid = 1 AND sb_station.Valid = 1 AND sb_route_station.Valid = 1 ORDER BY sb_route.SBR_ROUTENAME 
2019-04-28 09:27:52 com.ky.gps.dao.SbRouteStationDao.findAllRouteStation - ==> Parameters: 
2019-04-28 09:27:52 com.ky.gps.dao.SbRouteStationDao.findAllRouteStation - <==      Total: 164
2019-04-28 09:27:52 com.ky.gps.dao.SbBusPositionDao.findAllRoutePosition - ==>  Preparing: SELECT route_gps.routeId, route_gps.routeName, route_gps.startTime, route_gps.endTime, sb_busposition.SBP_RECODE_TIME recodeTime, sb_busposition.SBP_LONGITUDE longitude, sb_busposition.SBP_LATITUDE latitude, sb_busposition.SBP_VELOCITY velocity, sb_busposition.SBP_DIRECTION direction FROM sb_busposition, (SELECT sb_route.ID routeId, sb_route.SBR_ROUTENAME routeName, sb_gps.ID gpsId, sb_bus_route.SBBR_WEEK `week`, sb_bus_route.SBBR_START_TIME startTime, sb_bus_route.SBBR_END_TIME endTime FROM sb_bus_route LEFT JOIN sb_route ON sb_bus_route.ROUTE_ID = sb_route.ID LEFT JOIN sb_gps ON sb_bus_route.BUS_ID = sb_gps.BUS_ID WHERE sb_bus_route.Valid = 1 AND sb_route.Valid = 1 AND sb_gps.Valid = 1) route_gps WHERE route_gps.gpsId = sb_busposition.GPS_ID AND route_gps.`week` = ? AND sb_busposition.Valid = 1 ORDER BY route_gps.routeName, sb_busposition.SBP_RECODE_TIME 
2019-04-28 09:27:52 com.ky.gps.dao.SbBusPositionDao.findAllRoutePosition - ==> Parameters: 星期日(String)
2019-04-28 09:27:52 com.ky.gps.dao.SbBusPositionDao.findAllRoutePosition - <==      Total: 1877
2019-04-28 10:22:54 com.ky.gps.dao.SbRouteStationDao.findAllRouteStation - ==>  Preparing: SELECT sb_route.ID routeId, sb_route.SBR_ROUTENAME routeName, sb_station.SBS_STATION stationName, sb_station.SBS_LONGITUDE longitude, sb_station.SBS_LATITUDE latitude, sb_route_station.SBS_DEPART_TIME departTime FROM sb_route_station LEFT JOIN sb_station ON sb_station.ID = sb_route_station.STATION_ID LEFT JOIN sb_route ON sb_route.ID = sb_route_station.ROUTE_ID WHERE sb_route.Valid = 1 AND sb_station.Valid = 1 AND sb_route_station.Valid = 1 ORDER BY sb_route.SBR_ROUTENAME 
2019-04-28 10:22:55 com.ky.gps.dao.SbRouteStationDao.findAllRouteStation - ==> Parameters: 
2019-04-28 10:22:55 com.ky.gps.dao.SbRouteStationDao.findAllRouteStation - <==      Total: 164
2019-04-28 10:22:55 com.ky.gps.dao.SbBusPositionDao.findAllRoutePosition - ==>  Preparing: SELECT route_gps.routeId, route_gps.routeName, route_gps.startTime, route_gps.endTime, sb_busposition.SBP_RECODE_TIME recodeTime, sb_busposition.SBP_LONGITUDE longitude, sb_busposition.SBP_LATITUDE latitude, sb_busposition.SBP_VELOCITY velocity, sb_busposition.SBP_DIRECTION direction FROM sb_busposition, (SELECT sb_route.ID routeId, sb_route.SBR_ROUTENAME routeName, sb_gps.ID gpsId, sb_bus_route.SBBR_WEEK `week`, sb_bus_route.SBBR_START_TIME startTime, sb_bus_route.SBBR_END_TIME endTime FROM sb_bus_route LEFT JOIN sb_route ON sb_bus_route.ROUTE_ID = sb_route.ID LEFT JOIN sb_gps ON sb_bus_route.BUS_ID = sb_gps.BUS_ID WHERE sb_bus_route.Valid = 1 AND sb_route.Valid = 1 AND sb_gps.Valid = 1) route_gps WHERE route_gps.gpsId = sb_busposition.GPS_ID AND route_gps.`week` = ? AND sb_busposition.Valid = 1 ORDER BY route_gps.routeName, sb_busposition.SBP_RECODE_TIME 
2019-04-28 10:22:55 com.ky.gps.dao.SbBusPositionDao.findAllRoutePosition - ==> Parameters: 星期日(String)
2019-04-28 10:22:55 com.ky.gps.dao.SbBusPositionDao.findAllRoutePosition - <==      Total: 1877
2019-04-28 10:23:00 com.ky.gps.timer.MovePositionTimer - 2019-04-28 10:23:00准备执行数据库表的迁移工作
2019-04-28 10:23:00 com.ky.gps.dao.SbBusPositionHisDao.insertFromSbBusPosition - ==>  Preparing: INSERT INTO sb_busposition_his SELECT * FROM sb_busposition 
2019-04-28 10:23:00 com.ky.gps.dao.SbBusPositionHisDao.insertFromSbBusPosition - ==> Parameters: 
2019-04-28 10:23:00 com.ky.gps.dao.SbBusPositionHisDao.insertFromSbBusPosition - <==    Updates: 1877
2019-04-28 10:23:00 com.ky.gps.dao.SbBusPositionDao.deleteAll - ==>  Preparing: truncate sb_busposition 
2019-04-28 10:23:00 com.ky.gps.dao.SbBusPositionDao.deleteAll - ==> Parameters: 
2019-04-28 10:23:00 com.ky.gps.dao.SbBusPositionDao.deleteAll - <==    Updates: 0
2019-04-28 10:26:27 com.ky.gps.dao.SbRouteStationDao.findAllRouteStation - ==>  Preparing: SELECT sb_route.ID routeId, sb_route.SBR_ROUTENAME routeName, sb_station.SBS_STATION stationName, sb_station.SBS_LONGITUDE longitude, sb_station.SBS_LATITUDE latitude, sb_route_station.SBS_DEPART_TIME departTime FROM sb_route_station LEFT JOIN sb_station ON sb_station.ID = sb_route_station.STATION_ID LEFT JOIN sb_route ON sb_route.ID = sb_route_station.ROUTE_ID WHERE sb_route.Valid = 1 AND sb_station.Valid = 1 AND sb_route_station.Valid = 1 ORDER BY sb_route.SBR_ROUTENAME 
2019-04-28 10:26:27 com.ky.gps.dao.SbRouteStationDao.findAllRouteStation - ==> Parameters: 
2019-04-28 10:26:27 com.ky.gps.dao.SbRouteStationDao.findAllRouteStation - <==      Total: 164
2019-04-28 10:26:28 com.ky.gps.dao.SbBusPositionDao.findAllRoutePosition - ==>  Preparing: SELECT route_gps.routeId, route_gps.routeName, route_gps.startTime, route_gps.endTime, sb_busposition.SBP_RECODE_TIME recodeTime, sb_busposition.SBP_LONGITUDE longitude, sb_busposition.SBP_LATITUDE latitude, sb_busposition.SBP_VELOCITY velocity, sb_busposition.SBP_DIRECTION direction FROM sb_busposition, (SELECT sb_route.ID routeId, sb_route.SBR_ROUTENAME routeName, sb_gps.ID gpsId, sb_bus_route.SBBR_WEEK `week`, sb_bus_route.SBBR_START_TIME startTime, sb_bus_route.SBBR_END_TIME endTime FROM sb_bus_route LEFT JOIN sb_route ON sb_bus_route.ROUTE_ID = sb_route.ID LEFT JOIN sb_gps ON sb_bus_route.BUS_ID = sb_gps.BUS_ID WHERE sb_bus_route.Valid = 1 AND sb_route.Valid = 1 AND sb_gps.Valid = 1) route_gps WHERE route_gps.gpsId = sb_busposition.GPS_ID AND route_gps.`week` = ? AND sb_busposition.Valid = 1 ORDER BY route_gps.routeName, sb_busposition.SBP_RECODE_TIME 
2019-04-28 10:26:28 com.ky.gps.dao.SbBusPositionDao.findAllRoutePosition - ==> Parameters: 星期日(String)
2019-04-28 10:26:28 com.ky.gps.dao.SbBusPositionDao.findAllRoutePosition - <==      Total: 1877
2019-04-28 10:27:00 com.ky.gps.timer.MovePositionTimer - 2019-04-28 10:27:00准备执行数据库表的迁移工作
2019-04-28 10:27:00 com.ky.gps.dao.SbBusPositionHisDao.insertFromSbBusPosition - ==>  Preparing: INSERT INTO sb_busposition_his(GPS_ID, SBP_RECODE_TIME, SBP_LONGITUDE, SBP_LATITUDE, SBP_VELOCITY, SBP_DIRECTION, REMARK, REMARK1, REMARK2, REMARK3, CREATED_DATE, CREATED_BY, UPDATED_DATE, UPDATED_BY, Valid) SELECT sbp.GPS_ID, sbp.SBP_RECODE_TIME, sbp.SBP_LONGITUDE, sbp.SBP_LATITUDE, sbp.SBP_VELOCITY, sbp.SBP_DIRECTION, sbp.REMARK, sbp.REMARK1, sbp.REMARK2, sbp.REMARK3, sbp.CREATED_DATE, sbp.CREATED_BY, sbp.UPDATED_DATE, sbp.UPDATED_BY, sbp.Valid FROM sb_busposition sbp 
2019-04-28 10:27:00 com.ky.gps.dao.SbBusPositionHisDao.insertFromSbBusPosition - ==> Parameters: 
2019-04-28 10:27:00 com.ky.gps.dao.SbBusPositionHisDao.insertFromSbBusPosition - <==    Updates: 1877
2019-04-28 10:27:00 com.ky.gps.dao.SbBusPositionDao.deleteAll - ==>  Preparing: truncate sb_busposition 
2019-04-28 10:27:00 com.ky.gps.dao.SbBusPositionDao.deleteAll - ==> Parameters: 
2019-04-28 10:27:00 com.ky.gps.dao.SbBusPositionDao.deleteAll - <==    Updates: 0
2019-04-28 10:27:11 com.ky.gps.dao.SbRouteStationDao.findAllRouteStation - ==>  Preparing: SELECT sb_route.ID routeId, sb_route.SBR_ROUTENAME routeName, sb_station.SBS_STATION stationName, sb_station.SBS_LONGITUDE longitude, sb_station.SBS_LATITUDE latitude, sb_route_station.SBS_DEPART_TIME departTime FROM sb_route_station LEFT JOIN sb_station ON sb_station.ID = sb_route_station.STATION_ID LEFT JOIN sb_route ON sb_route.ID = sb_route_station.ROUTE_ID WHERE sb_route.Valid = 1 AND sb_station.Valid = 1 AND sb_route_station.Valid = 1 ORDER BY sb_route.SBR_ROUTENAME 
2019-04-28 10:27:11 com.ky.gps.dao.SbRouteStationDao.findAllRouteStation - ==> Parameters: 
2019-04-28 10:27:11 com.ky.gps.dao.SbRouteStationDao.findAllRouteStation - <==      Total: 164
2019-04-28 10:27:11 com.ky.gps.dao.SbBusPositionDao.findAllRoutePosition - ==>  Preparing: SELECT route_gps.routeId, route_gps.routeName, route_gps.startTime, route_gps.endTime, sb_busposition.SBP_RECODE_TIME recodeTime, sb_busposition.SBP_LONGITUDE longitude, sb_busposition.SBP_LATITUDE latitude, sb_busposition.SBP_VELOCITY velocity, sb_busposition.SBP_DIRECTION direction FROM sb_busposition, (SELECT sb_route.ID routeId, sb_route.SBR_ROUTENAME routeName, sb_gps.ID gpsId, sb_bus_route.SBBR_WEEK `week`, sb_bus_route.SBBR_START_TIME startTime, sb_bus_route.SBBR_END_TIME endTime FROM sb_bus_route LEFT JOIN sb_route ON sb_bus_route.ROUTE_ID = sb_route.ID LEFT JOIN sb_gps ON sb_bus_route.BUS_ID = sb_gps.BUS_ID WHERE sb_bus_route.Valid = 1 AND sb_route.Valid = 1 AND sb_gps.Valid = 1) route_gps WHERE route_gps.gpsId = sb_busposition.GPS_ID AND route_gps.`week` = ? AND sb_busposition.Valid = 1 ORDER BY route_gps.routeName, sb_busposition.SBP_RECODE_TIME 
2019-04-28 10:27:11 com.ky.gps.dao.SbBusPositionDao.findAllRoutePosition - ==> Parameters: 星期日(String)
2019-04-28 10:27:11 com.ky.gps.dao.SbBusPositionDao.findAllRoutePosition - <==      Total: 0
2019-04-28 10:27:14 com.ky.gps.dao.SbRouteStationDao.findAllRouteStation - ==>  Preparing: SELECT sb_route.ID routeId, sb_route.SBR_ROUTENAME routeName, sb_station.SBS_STATION stationName, sb_station.SBS_LONGITUDE longitude, sb_station.SBS_LATITUDE latitude, sb_route_station.SBS_DEPART_TIME departTime FROM sb_route_station LEFT JOIN sb_station ON sb_station.ID = sb_route_station.STATION_ID LEFT JOIN sb_route ON sb_route.ID = sb_route_station.ROUTE_ID WHERE sb_route.Valid = 1 AND sb_station.Valid = 1 AND sb_route_station.Valid = 1 ORDER BY sb_route.SBR_ROUTENAME 
2019-04-28 10:27:14 com.ky.gps.dao.SbRouteStationDao.findAllRouteStation - ==> Parameters: 
2019-04-28 10:27:14 com.ky.gps.dao.SbRouteStationDao.findAllRouteStation - <==      Total: 164
2019-04-28 10:27:14 com.ky.gps.dao.SbBusPositionDao.findAllRoutePosition - ==>  Preparing: SELECT route_gps.routeId, route_gps.routeName, route_gps.startTime, route_gps.endTime, sb_busposition.SBP_RECODE_TIME recodeTime, sb_busposition.SBP_LONGITUDE longitude, sb_busposition.SBP_LATITUDE latitude, sb_busposition.SBP_VELOCITY velocity, sb_busposition.SBP_DIRECTION direction FROM sb_busposition, (SELECT sb_route.ID routeId, sb_route.SBR_ROUTENAME routeName, sb_gps.ID gpsId, sb_bus_route.SBBR_WEEK `week`, sb_bus_route.SBBR_START_TIME startTime, sb_bus_route.SBBR_END_TIME endTime FROM sb_bus_route LEFT JOIN sb_route ON sb_bus_route.ROUTE_ID = sb_route.ID LEFT JOIN sb_gps ON sb_bus_route.BUS_ID = sb_gps.BUS_ID WHERE sb_bus_route.Valid = 1 AND sb_route.Valid = 1 AND sb_gps.Valid = 1) route_gps WHERE route_gps.gpsId = sb_busposition.GPS_ID AND route_gps.`week` = ? AND sb_busposition.Valid = 1 ORDER BY route_gps.routeName, sb_busposition.SBP_RECODE_TIME 
2019-04-28 10:27:14 com.ky.gps.dao.SbBusPositionDao.findAllRoutePosition - ==> Parameters: 星期日(String)
2019-04-28 10:27:14 com.ky.gps.dao.SbBusPositionDao.findAllRoutePosition - <==      Total: 0
2019-04-28 10:27:19 com.ky.gps.dao.SbRouteStationDao.findAllRouteStation - ==>  Preparing: SELECT sb_route.ID routeId, sb_route.SBR_ROUTENAME routeName, sb_station.SBS_STATION stationName, sb_station.SBS_LONGITUDE longitude, sb_station.SBS_LATITUDE latitude, sb_route_station.SBS_DEPART_TIME departTime FROM sb_route_station LEFT JOIN sb_station ON sb_station.ID = sb_route_station.STATION_ID LEFT JOIN sb_route ON sb_route.ID = sb_route_station.ROUTE_ID WHERE sb_route.Valid = 1 AND sb_station.Valid = 1 AND sb_route_station.Valid = 1 ORDER BY sb_route.SBR_ROUTENAME 
2019-04-28 10:27:19 com.ky.gps.dao.SbRouteStationDao.findAllRouteStation - ==> Parameters: 
2019-04-28 10:27:19 com.ky.gps.dao.SbRouteStationDao.findAllRouteStation - <==      Total: 164
2019-04-28 10:27:20 com.ky.gps.dao.SbBusPositionDao.findAllRoutePosition - ==>  Preparing: SELECT route_gps.routeId, route_gps.routeName, route_gps.startTime, route_gps.endTime, sb_busposition.SBP_RECODE_TIME recodeTime, sb_busposition.SBP_LONGITUDE longitude, sb_busposition.SBP_LATITUDE latitude, sb_busposition.SBP_VELOCITY velocity, sb_busposition.SBP_DIRECTION direction FROM sb_busposition, (SELECT sb_route.ID routeId, sb_route.SBR_ROUTENAME routeName, sb_gps.ID gpsId, sb_bus_route.SBBR_WEEK `week`, sb_bus_route.SBBR_START_TIME startTime, sb_bus_route.SBBR_END_TIME endTime FROM sb_bus_route LEFT JOIN sb_route ON sb_bus_route.ROUTE_ID = sb_route.ID LEFT JOIN sb_gps ON sb_bus_route.BUS_ID = sb_gps.BUS_ID WHERE sb_bus_route.Valid = 1 AND sb_route.Valid = 1 AND sb_gps.Valid = 1) route_gps WHERE route_gps.gpsId = sb_busposition.GPS_ID AND route_gps.`week` = ? AND sb_busposition.Valid = 1 ORDER BY route_gps.routeName, sb_busposition.SBP_RECODE_TIME 
2019-04-28 10:27:20 com.ky.gps.dao.SbBusPositionDao.findAllRoutePosition - ==> Parameters: 星期日(String)
2019-04-28 10:27:20 com.ky.gps.dao.SbBusPositionDao.findAllRoutePosition - <==      Total: 0
2019-04-28 10:28:43 com.ky.gps.dao.SbRouteStationDao.findAllRouteStation - ==>  Preparing: SELECT sb_route.ID routeId, sb_route.SBR_ROUTENAME routeName, sb_station.SBS_STATION stationName, sb_station.SBS_LONGITUDE longitude, sb_station.SBS_LATITUDE latitude, sb_route_station.SBS_DEPART_TIME departTime FROM sb_route_station LEFT JOIN sb_station ON sb_station.ID = sb_route_station.STATION_ID LEFT JOIN sb_route ON sb_route.ID = sb_route_station.ROUTE_ID WHERE sb_route.Valid = 1 AND sb_station.Valid = 1 AND sb_route_station.Valid = 1 ORDER BY sb_route.SBR_ROUTENAME 
2019-04-28 10:28:43 com.ky.gps.dao.SbRouteStationDao.findAllRouteStation - ==> Parameters: 
2019-04-28 10:28:43 com.ky.gps.dao.SbRouteStationDao.findAllRouteStation - <==      Total: 164
2019-04-28 10:28:44 com.ky.gps.dao.SbBusPositionDao.findAllRoutePosition - ==>  Preparing: SELECT route_gps.routeId, route_gps.routeName, route_gps.startTime, route_gps.endTime, sb_busposition.SBP_RECODE_TIME recodeTime, sb_busposition.SBP_LONGITUDE longitude, sb_busposition.SBP_LATITUDE latitude, sb_busposition.SBP_VELOCITY velocity, sb_busposition.SBP_DIRECTION direction FROM sb_busposition, (SELECT sb_route.ID routeId, sb_route.SBR_ROUTENAME routeName, sb_gps.ID gpsId, sb_bus_route.SBBR_WEEK `week`, sb_bus_route.SBBR_START_TIME startTime, sb_bus_route.SBBR_END_TIME endTime FROM sb_bus_route LEFT JOIN sb_route ON sb_bus_route.ROUTE_ID = sb_route.ID LEFT JOIN sb_gps ON sb_bus_route.BUS_ID = sb_gps.BUS_ID WHERE sb_bus_route.Valid = 1 AND sb_route.Valid = 1 AND sb_gps.Valid = 1) route_gps WHERE route_gps.gpsId = sb_busposition.GPS_ID AND route_gps.`week` = ? AND sb_busposition.Valid = 1 ORDER BY route_gps.routeName, sb_busposition.SBP_RECODE_TIME 
2019-04-28 10:28:44 com.ky.gps.dao.SbBusPositionDao.findAllRoutePosition - ==> Parameters: 星期日(String)
2019-04-28 10:28:44 com.ky.gps.dao.SbBusPositionDao.findAllRoutePosition - <==      Total: 1877
2019-04-28 10:43:44 com.ky.gps.dao.SbRouteStationDao.findAllRouteStation - ==>  Preparing: SELECT sb_route.ID routeId, sb_route.SBR_ROUTENAME routeName, sb_station.SBS_STATION stationName, sb_station.SBS_LONGITUDE longitude, sb_station.SBS_LATITUDE latitude, sb_route_station.SBS_DEPART_TIME departTime FROM sb_route_station LEFT JOIN sb_station ON sb_station.ID = sb_route_station.STATION_ID LEFT JOIN sb_route ON sb_route.ID = sb_route_station.ROUTE_ID WHERE sb_route.Valid = 1 AND sb_station.Valid = 1 AND sb_route_station.Valid = 1 ORDER BY sb_route.SBR_ROUTENAME 
2019-04-28 10:43:45 com.ky.gps.dao.SbRouteStationDao.findAllRouteStation - ==> Parameters: 
2019-04-28 10:43:45 com.ky.gps.dao.SbRouteStationDao.findAllRouteStation - <==      Total: 164
2019-04-28 10:43:45 com.ky.gps.dao.SbBusPositionDao.findAllRoutePosition - ==>  Preparing: SELECT route_gps.routeId, route_gps.routeName, route_gps.startTime, route_gps.endTime, sb_busposition.SBP_RECODE_TIME recodeTime, sb_busposition.SBP_LONGITUDE longitude, sb_busposition.SBP_LATITUDE latitude, sb_busposition.SBP_VELOCITY velocity, sb_busposition.SBP_DIRECTION direction FROM sb_busposition, (SELECT sb_route.ID routeId, sb_route.SBR_ROUTENAME routeName, sb_gps.ID gpsId, sb_bus_route.SBBR_WEEK `week`, sb_bus_route.SBBR_START_TIME startTime, sb_bus_route.SBBR_END_TIME endTime FROM sb_bus_route LEFT JOIN sb_route ON sb_bus_route.ROUTE_ID = sb_route.ID LEFT JOIN sb_gps ON sb_bus_route.BUS_ID = sb_gps.BUS_ID WHERE sb_bus_route.Valid = 1 AND sb_route.Valid = 1 AND sb_gps.Valid = 1) route_gps WHERE route_gps.gpsId = sb_busposition.GPS_ID AND route_gps.`week` = ? AND sb_busposition.Valid = 1 ORDER BY route_gps.routeName, sb_busposition.SBP_RECODE_TIME 
2019-04-28 10:43:45 com.ky.gps.dao.SbBusPositionDao.findAllRoutePosition - ==> Parameters: 星期日(String)
2019-04-28 10:43:45 com.ky.gps.dao.SbBusPositionDao.findAllRoutePosition - <==      Total: 1877
2019-04-28 10:43:59 com.ky.gps.dao.SbBusPositionDao.findAllRoutePosition - ==>  Preparing: SELECT route_gps.routeId, route_gps.routeName, route_gps.startTime, route_gps.endTime, sb_busposition.SBP_RECODE_TIME recodeTime, sb_busposition.SBP_LONGITUDE longitude, sb_busposition.SBP_LATITUDE latitude, sb_busposition.SBP_VELOCITY velocity, sb_busposition.SBP_DIRECTION direction FROM sb_busposition, (SELECT sb_route.ID routeId, sb_route.SBR_ROUTENAME routeName, sb_gps.ID gpsId, sb_bus_route.SBBR_WEEK `week`, sb_bus_route.SBBR_START_TIME startTime, sb_bus_route.SBBR_END_TIME endTime FROM sb_bus_route LEFT JOIN sb_route ON sb_bus_route.ROUTE_ID = sb_route.ID LEFT JOIN sb_gps ON sb_bus_route.BUS_ID = sb_gps.BUS_ID WHERE sb_bus_route.Valid = 1 AND sb_route.Valid = 1 AND sb_gps.Valid = 1) route_gps WHERE route_gps.gpsId = sb_busposition.GPS_ID AND route_gps.`week` = ? AND sb_busposition.Valid = 1 ORDER BY route_gps.routeName, sb_busposition.SBP_RECODE_TIME 
2019-04-28 10:43:59 com.ky.gps.dao.SbBusPositionDao.findAllRoutePosition - ==> Parameters: 星期日(String)
2019-04-28 10:43:59 com.ky.gps.dao.SbBusPositionDao.findAllRoutePosition - <==      Total: 1877
2019-04-28 10:45:12 com.ky.gps.dao.SbBusPositionDao.findCountByRouteId - ==>  Preparing: SELECT COUNT(ss.ID) FROM ( SELECT sb_busposition.ID FROM sb_busposition, (SELECT sb_route.SBR_ROUTENAME routeName, sb_gps.ID gpsId, sb_bus_route.SBBR_WEEK `week`, sb_bus_route.SBBR_START_TIME startTime, sb_bus_route.SBBR_END_TIME endTime FROM sb_bus_route LEFT JOIN sb_route ON sb_bus_route.ROUTE_ID = sb_route.ID LEFT JOIN sb_gps ON sb_bus_route.BUS_ID = sb_gps.BUS_ID WHERE sb_bus_route.Valid = 1 AND sb_route.Valid = 1 AND sb_gps.Valid = 1 AND sb_route.ID = ?) route_gps WHERE route_gps.gpsId = sb_busposition.GPS_ID AND route_gps.`week` = ? AND sb_busposition.Valid = 1) ss 
2019-04-28 10:45:12 com.ky.gps.dao.SbBusPositionDao.findCountByRouteId - ==> Parameters: 7(Integer), 星期日(String)
2019-04-28 10:45:12 com.ky.gps.dao.SbBusPositionDao.findCountByRouteId - <==      Total: 1
2019-04-28 10:45:12 com.ky.gps.dao.SbBusPositionDao.findAllRoutePositionByRouteId - ==>  Preparing: SELECT route_gps.startTime, route_gps.endTime, sb_busposition.SBP_RECODE_TIME recodeTime, sb_busposition.SBP_LONGITUDE longitude, sb_busposition.SBP_LATITUDE latitude, sb_busposition.SBP_VELOCITY velocity, sb_busposition.SBP_DIRECTION direction FROM sb_busposition, (SELECT sb_route.SBR_ROUTENAME routeName, sb_gps.ID gpsId, sb_bus_route.SBBR_WEEK `week`, sb_bus_route.SBBR_START_TIME startTime, sb_bus_route.SBBR_END_TIME endTime FROM sb_bus_route LEFT JOIN sb_route ON sb_bus_route.ROUTE_ID = sb_route.ID LEFT JOIN sb_gps ON sb_bus_route.BUS_ID = sb_gps.BUS_ID WHERE sb_bus_route.Valid = 1 AND sb_route.Valid = 1 AND sb_gps.Valid = 1 AND sb_route.ID = ?) route_gps WHERE route_gps.gpsId = sb_busposition.GPS_ID AND route_gps.`week` = ? AND sb_busposition.Valid = 1 ORDER BY sb_busposition.SBP_RECODE_TIME LIMIT ?, ? 
2019-04-28 10:45:12 com.ky.gps.dao.SbBusPositionDao.findAllRoutePositionByRouteId - ==> Parameters: 7(Integer), 星期日(String), 0(Integer), 1206(Integer)
2019-04-28 10:45:12 com.ky.gps.dao.SbBusPositionDao.findAllRoutePositionByRouteId - <==      Total: 1206
2019-04-28 10:54:29 com.ky.gps.sys.StartThread - -------------监听端口GPSport: 20086-------------
2019-04-28 10:54:32 com.ky.gps.dao.SbRouteStationDao.findAllRouteStation - ==>  Preparing: SELECT sb_route.ID routeId, sb_route.SBR_ROUTENAME routeName, sb_station.SBS_STATION stationName, sb_station.SBS_LONGITUDE longitude, sb_station.SBS_LATITUDE latitude, sb_route_station.SBS_DEPART_TIME departTime FROM sb_route_station LEFT JOIN sb_station ON sb_station.ID = sb_route_station.STATION_ID LEFT JOIN sb_route ON sb_route.ID = sb_route_station.ROUTE_ID WHERE sb_route.Valid = 1 AND sb_station.Valid = 1 AND sb_route_station.Valid = 1 ORDER BY sb_route.SBR_ROUTENAME 
2019-04-28 10:54:33 com.ky.gps.dao.SbRouteStationDao.findAllRouteStation - ==> Parameters: 
2019-04-28 10:54:33 com.ky.gps.dao.SbRouteStationDao.findAllRouteStation - <==      Total: 164
2019-04-28 10:54:33 com.ky.gps.dao.SbBusPositionDao.findAllRoutePosition - ==>  Preparing: SELECT route_gps.routeId, route_gps.routeName, route_gps.startTime, route_gps.endTime, sb_busposition.SBP_RECODE_TIME recodeTime, sb_busposition.SBP_LONGITUDE longitude, sb_busposition.SBP_LATITUDE latitude, sb_busposition.SBP_VELOCITY velocity, sb_busposition.SBP_DIRECTION direction FROM sb_busposition, (SELECT sb_route.ID routeId, sb_route.SBR_ROUTENAME routeName, sb_gps.ID gpsId, sb_bus_route.SBBR_WEEK `week`, sb_bus_route.SBBR_START_TIME startTime, sb_bus_route.SBBR_END_TIME endTime FROM sb_bus_route LEFT JOIN sb_route ON sb_bus_route.ROUTE_ID = sb_route.ID LEFT JOIN sb_gps ON sb_bus_route.BUS_ID = sb_gps.BUS_ID WHERE sb_bus_route.Valid = 1 AND sb_route.Valid = 1 AND sb_gps.Valid = 1) route_gps WHERE route_gps.gpsId = sb_busposition.GPS_ID AND route_gps.`week` = ? AND sb_busposition.Valid = 1 ORDER BY route_gps.routeName, sb_busposition.SBP_RECODE_TIME 
2019-04-28 10:54:33 com.ky.gps.dao.SbBusPositionDao.findAllRoutePosition - ==> Parameters: 星期日(String)
2019-04-28 10:54:33 com.ky.gps.dao.SbBusPositionDao.findAllRoutePosition - <==      Total: 1877
2019-04-28 11:01:42 com.ky.gps.listener.GPSThreadLietener - ----------- GPS解析系统启动 -----------
2019-04-28 11:01:42 com.ky.gps.listener.GPSThreadLietener - ----------- GPS信号监听开始 -----------
2019-04-28 11:01:42 com.ky.gps.sys.StartThread - -------------监听端口GPSport: 20086-------------
2019-04-28 11:01:47 com.ky.gps.dao.SbRouteStationDao.findAllRouteStation - ==>  Preparing: SELECT sb_route.ID routeId, sb_route.SBR_ROUTENAME routeName, sb_station.SBS_STATION stationName, sb_station.SBS_LONGITUDE longitude, sb_station.SBS_LATITUDE latitude, sb_route_station.SBS_DEPART_TIME departTime FROM sb_route_station LEFT JOIN sb_station ON sb_station.ID = sb_route_station.STATION_ID LEFT JOIN sb_route ON sb_route.ID = sb_route_station.ROUTE_ID WHERE sb_route.Valid = 1 AND sb_station.Valid = 1 AND sb_route_station.Valid = 1 ORDER BY sb_route.SBR_ROUTENAME 
2019-04-28 11:01:47 com.ky.gps.dao.SbRouteStationDao.findAllRouteStation - ==> Parameters: 
2019-04-28 11:01:47 com.ky.gps.dao.SbRouteStationDao.findAllRouteStation - <==      Total: 164
2019-04-28 11:01:47 com.ky.gps.dao.SbBusPositionDao.findAllRoutePosition - ==>  Preparing: SELECT route_gps.routeId, route_gps.routeName, route_gps.startTime, route_gps.endTime, sb_busposition.SBP_RECODE_TIME recodeTime, sb_busposition.SBP_LONGITUDE longitude, sb_busposition.SBP_LATITUDE latitude, sb_busposition.SBP_VELOCITY velocity, sb_busposition.SBP_DIRECTION direction FROM sb_busposition, (SELECT sb_route.ID routeId, sb_route.SBR_ROUTENAME routeName, sb_gps.ID gpsId, sb_bus_route.SBBR_WEEK `week`, sb_bus_route.SBBR_START_TIME startTime, sb_bus_route.SBBR_END_TIME endTime FROM sb_bus_route LEFT JOIN sb_route ON sb_bus_route.ROUTE_ID = sb_route.ID LEFT JOIN sb_gps ON sb_bus_route.BUS_ID = sb_gps.BUS_ID WHERE sb_bus_route.Valid = 1 AND sb_route.Valid = 1 AND sb_gps.Valid = 1) route_gps WHERE route_gps.gpsId = sb_busposition.GPS_ID AND route_gps.`week` = ? AND sb_busposition.Valid = 1 ORDER BY route_gps.routeName, sb_busposition.SBP_RECODE_TIME 
2019-04-28 11:01:47 com.ky.gps.dao.SbBusPositionDao.findAllRoutePosition - ==> Parameters: 星期日(String)
2019-04-28 11:01:48 com.ky.gps.dao.SbBusPositionDao.findAllRoutePosition - <==      Total: 1877
2019-04-28 11:12:22 com.ky.gps.listener.GPSThreadLietener - ----------- GPS解析系统启动 -----------
2019-04-28 11:12:22 com.ky.gps.listener.GPSThreadLietener - ----------- GPS信号监听开始 -----------
2019-04-28 11:12:22 com.ky.gps.sys.StartThread - -------------监听端口GPSport: 20086-------------
2019-04-28 11:12:25 com.ky.gps.dao.SbRouteStationDao.findAllRouteStation - ==>  Preparing: SELECT sb_route.ID routeId, sb_route.SBR_ROUTENAME routeName, sb_station.SBS_STATION stationName, sb_station.SBS_LONGITUDE longitude, sb_station.SBS_LATITUDE latitude, sb_route_station.SBS_DEPART_TIME departTime FROM sb_route_station LEFT JOIN sb_station ON sb_station.ID = sb_route_station.STATION_ID LEFT JOIN sb_route ON sb_route.ID = sb_route_station.ROUTE_ID WHERE sb_route.Valid = 1 AND sb_station.Valid = 1 AND sb_route_station.Valid = 1 ORDER BY sb_route.SBR_ROUTENAME 
2019-04-28 11:12:26 com.ky.gps.dao.SbRouteStationDao.findAllRouteStation - ==> Parameters: 
2019-04-28 11:12:26 com.ky.gps.dao.SbRouteStationDao.findAllRouteStation - <==      Total: 164
2019-04-28 11:12:26 com.ky.gps.dao.SbBusPositionDao.findAllRoutePosition - ==>  Preparing: SELECT route_gps.routeId, route_gps.routeName, route_gps.startTime, route_gps.endTime, sb_busposition.SBP_RECODE_TIME recodeTime, sb_busposition.SBP_LONGITUDE longitude, sb_busposition.SBP_LATITUDE latitude, sb_busposition.SBP_VELOCITY velocity, sb_busposition.SBP_DIRECTION direction FROM sb_busposition, (SELECT sb_route.ID routeId, sb_route.SBR_ROUTENAME routeName, sb_gps.ID gpsId, sb_bus_route.SBBR_WEEK `week`, sb_bus_route.SBBR_START_TIME startTime, sb_bus_route.SBBR_END_TIME endTime FROM sb_bus_route LEFT JOIN sb_route ON sb_bus_route.ROUTE_ID = sb_route.ID LEFT JOIN sb_gps ON sb_bus_route.BUS_ID = sb_gps.BUS_ID WHERE sb_bus_route.Valid = 1 AND sb_route.Valid = 1 AND sb_gps.Valid = 1) route_gps WHERE route_gps.gpsId = sb_busposition.GPS_ID AND route_gps.`week` = ? AND sb_busposition.Valid = 1 ORDER BY route_gps.routeName, sb_busposition.SBP_RECODE_TIME 
2019-04-28 11:12:26 com.ky.gps.dao.SbBusPositionDao.findAllRoutePosition - ==> Parameters: 星期日(String)
2019-04-28 11:12:26 com.ky.gps.dao.SbBusPositionDao.findAllRoutePosition - <==      Total: 1877
